2024-08-05 18:28:20.9352 Debug Message Template Auto Format enabled
2024-08-05 18:28:20.9502 Info Loading assembly name: NLog.Extended
2024-08-05 18:28:20.9595 Trace Try find 'NLog.Extended' in current domain
2024-08-05 18:28:20.9595 Trace Haven't found' 'NLog.Extended' in current domain
2024-08-05 18:28:20.9595 Error Error has been raised. Exception: NLog.NLogConfigurationException: Error loading extensions: NLog.Extended
 ---> System.IO.FileNotFoundException: Could not load file or assembly 'NLog.Extended, Culture=neutral, PublicKeyToken=null'. The system cannot find the file specified.
File name: 'NLog.Extended, Culture=neutral, PublicKeyToken=null'
   at System.Reflection.RuntimeAssembly.InternalLoad(ObjectHandleOnStack assemblyName, ObjectHandleOnStack requestingAssembly, StackCrawlMarkHandle stackMark, Boolean throwOnFileNotFound, ObjectHandleOnStack assemblyLoadContext, ObjectHandleOnStack retAssembly)
   at System.Reflection.RuntimeAssembly.InternalLoad(AssemblyName assemblyName, RuntimeAssembly requestingAssembly, StackCrawlMark& stackMark, Boolean throwOnFileNotFound, AssemblyLoadContext assemblyLoadContext)
   at System.Reflection.Assembly.Load(String assemblyString)
   at NLog.Config.AssemblyExtensionLoader.LoadAssemblyFromName(String assemblyName)
   at NLog.Config.AssemblyExtensionLoader.LoadAssemblyFromName(ConfigurationItemFactory factory, String assemblyName, String itemNamePrefix)
   at NLog.Config.LoggingConfigurationParser.ParseExtensionWithAssemblyName(String assemblyName, String prefix)
   --- End of inner exception stack trace ---
2024-08-05 18:28:21.0362 Error Exception when loading configuration E:\REPS\WebAPI\WebAPI\bin\Debug\net6.0\nlog.config Exception: NLog.NLogConfigurationException: Error loading extensions: NLog.Extended
 ---> System.IO.FileNotFoundException: Could not load file or assembly 'NLog.Extended, Culture=neutral, PublicKeyToken=null'. The system cannot find the file specified.
File name: 'NLog.Extended, Culture=neutral, PublicKeyToken=null'
   at System.Reflection.RuntimeAssembly.InternalLoad(ObjectHandleOnStack assemblyName, ObjectHandleOnStack requestingAssembly, StackCrawlMarkHandle stackMark, Boolean throwOnFileNotFound, ObjectHandleOnStack assemblyLoadContext, ObjectHandleOnStack retAssembly)
   at System.Reflection.RuntimeAssembly.InternalLoad(AssemblyName assemblyName, RuntimeAssembly requestingAssembly, StackCrawlMark& stackMark, Boolean throwOnFileNotFound, AssemblyLoadContext assemblyLoadContext)
   at System.Reflection.Assembly.Load(String assemblyString)
   at NLog.Config.AssemblyExtensionLoader.LoadAssemblyFromName(String assemblyName)
   at NLog.Config.AssemblyExtensionLoader.LoadAssemblyFromName(ConfigurationItemFactory factory, String assemblyName, String itemNamePrefix)
   at NLog.Config.LoggingConfigurationParser.ParseExtensionWithAssemblyName(String assemblyName, String prefix)
   --- End of inner exception stack trace ---
   at NLog.Config.LoggingConfigurationParser.ParseExtensionWithAssemblyName(String assemblyName, String prefix)
   at NLog.Config.LoggingConfigurationParser.ParseExtensionsElement(ValidatedConfigurationElement extensionsElement, String baseDirectory)
   at NLog.Config.LoggingConfigurationParser.LoadConfig(ILoggingConfigurationElement nlogConfig, String basePath)
   at NLog.Config.XmlLoggingConfiguration.ParseNLogElement(ILoggingConfigurationElement nlogElement, String filePath, Boolean autoReloadDefault)
   at NLog.Config.XmlLoggingConfiguration.Initialize(XmlReader reader, String fileName, Boolean ignoreErrors)
2024-08-05 18:28:21.0362 Error Error has been raised. Exception: NLog.NLogConfigurationException: Exception when loading configuration E:\REPS\WebAPI\WebAPI\bin\Debug\net6.0\nlog.config
 ---> NLog.NLogConfigurationException: Error loading extensions: NLog.Extended
 ---> System.IO.FileNotFoundException: Could not load file or assembly 'NLog.Extended, Culture=neutral, PublicKeyToken=null'. The system cannot find the file specified.
File name: 'NLog.Extended, Culture=neutral, PublicKeyToken=null'
   at System.Reflection.RuntimeAssembly.InternalLoad(ObjectHandleOnStack assemblyName, ObjectHandleOnStack requestingAssembly, StackCrawlMarkHandle stackMark, Boolean throwOnFileNotFound, ObjectHandleOnStack assemblyLoadContext, ObjectHandleOnStack retAssembly)
   at System.Reflection.RuntimeAssembly.InternalLoad(AssemblyName assemblyName, RuntimeAssembly requestingAssembly, StackCrawlMark& stackMark, Boolean throwOnFileNotFound, AssemblyLoadContext assemblyLoadContext)
   at System.Reflection.Assembly.Load(String assemblyString)
   at NLog.Config.AssemblyExtensionLoader.LoadAssemblyFromName(String assemblyName)
   at NLog.Config.AssemblyExtensionLoader.LoadAssemblyFromName(ConfigurationItemFactory factory, String assemblyName, String itemNamePrefix)
   at NLog.Config.LoggingConfigurationParser.ParseExtensionWithAssemblyName(String assemblyName, String prefix)
   --- End of inner exception stack trace ---
   at NLog.Config.LoggingConfigurationParser.ParseExtensionWithAssemblyName(String assemblyName, String prefix)
   at NLog.Config.LoggingConfigurationParser.ParseExtensionsElement(ValidatedConfigurationElement extensionsElement, String baseDirectory)
   at NLog.Config.LoggingConfigurationParser.LoadConfig(ILoggingConfigurationElement nlogConfig, String basePath)
   at NLog.Config.XmlLoggingConfiguration.ParseNLogElement(ILoggingConfigurationElement nlogElement, String filePath, Boolean autoReloadDefault)
   at NLog.Config.XmlLoggingConfiguration.Initialize(XmlReader reader, String fileName, Boolean ignoreErrors)
   --- End of inner exception stack trace ---
   at NLog.Config.XmlLoggingConfiguration.Initialize(XmlReader reader, String fileName, Boolean ignoreErrors)
   at NLog.Config.LoggingConfigurationFileLoader.LoadXmlLoggingConfiguration(XmlReader xmlReader, String configFile, LogFactory logFactory)
2024-08-05 18:28:21.0362 Error Failed loading from config file location: E:\REPS\WebAPI\WebAPI\bin\Debug\net6.0\nlog.config Exception: NLog.NLogConfigurationException: Exception when loading configuration E:\REPS\WebAPI\WebAPI\bin\Debug\net6.0\nlog.config
 ---> NLog.NLogConfigurationException: Error loading extensions: NLog.Extended
 ---> System.IO.FileNotFoundException: Could not load file or assembly 'NLog.Extended, Culture=neutral, PublicKeyToken=null'. The system cannot find the file specified.
File name: 'NLog.Extended, Culture=neutral, PublicKeyToken=null'
   at System.Reflection.RuntimeAssembly.InternalLoad(ObjectHandleOnStack assemblyName, ObjectHandleOnStack requestingAssembly, StackCrawlMarkHandle stackMark, Boolean throwOnFileNotFound, ObjectHandleOnStack assemblyLoadContext, ObjectHandleOnStack retAssembly)
   at System.Reflection.RuntimeAssembly.InternalLoad(AssemblyName assemblyName, RuntimeAssembly requestingAssembly, StackCrawlMark& stackMark, Boolean throwOnFileNotFound, AssemblyLoadContext assemblyLoadContext)
   at System.Reflection.Assembly.Load(String assemblyString)
   at NLog.Config.AssemblyExtensionLoader.LoadAssemblyFromName(String assemblyName)
   at NLog.Config.AssemblyExtensionLoader.LoadAssemblyFromName(ConfigurationItemFactory factory, String assemblyName, String itemNamePrefix)
   at NLog.Config.LoggingConfigurationParser.ParseExtensionWithAssemblyName(String assemblyName, String prefix)
   --- End of inner exception stack trace ---
   at NLog.Config.LoggingConfigurationParser.ParseExtensionWithAssemblyName(String assemblyName, String prefix)
   at NLog.Config.LoggingConfigurationParser.ParseExtensionsElement(ValidatedConfigurationElement extensionsElement, String baseDirectory)
   at NLog.Config.LoggingConfigurationParser.LoadConfig(ILoggingConfigurationElement nlogConfig, String basePath)
   at NLog.Config.XmlLoggingConfiguration.ParseNLogElement(ILoggingConfigurationElement nlogElement, String filePath, Boolean autoReloadDefault)
   at NLog.Config.XmlLoggingConfiguration.Initialize(XmlReader reader, String fileName, Boolean ignoreErrors)
   --- End of inner exception stack trace ---
   at NLog.Config.XmlLoggingConfiguration.Initialize(XmlReader reader, String fileName, Boolean ignoreErrors)
   at NLog.Config.LoggingConfigurationFileLoader.LoadXmlLoggingConfiguration(XmlReader xmlReader, String configFile, LogFactory logFactory)
   at NLog.Config.LoggingConfigurationFileLoader.LoadXmlLoggingConfigurationFile(LogFactory logFactory, String configFile)
   at NLog.Config.LoggingConfigurationFileLoader.TryLoadLoggingConfiguration(LogFactory logFactory, String configFile, LoggingConfiguration& config)
2024-08-05 18:31:17.5108 Debug Message Template Auto Format enabled
2024-08-05 18:31:17.5208 Info Loading assembly name: NLog.Extended
2024-08-05 18:31:17.5208 Trace Try find 'NLog.Extended' in current domain
2024-08-05 18:31:17.5208 Trace Haven't found' 'NLog.Extended' in current domain
2024-08-05 18:31:17.5208 Error Error has been raised. Exception: NLog.NLogConfigurationException: Error loading extensions: NLog.Extended
 ---> System.IO.FileNotFoundException: Could not load file or assembly 'NLog.Extended, Culture=neutral, PublicKeyToken=null'. The system cannot find the file specified.
File name: 'NLog.Extended, Culture=neutral, PublicKeyToken=null'
   at System.Reflection.RuntimeAssembly.InternalLoad(ObjectHandleOnStack assemblyName, ObjectHandleOnStack requestingAssembly, StackCrawlMarkHandle stackMark, Boolean throwOnFileNotFound, ObjectHandleOnStack assemblyLoadContext, ObjectHandleOnStack retAssembly)
   at System.Reflection.RuntimeAssembly.InternalLoad(AssemblyName assemblyName, RuntimeAssembly requestingAssembly, StackCrawlMark& stackMark, Boolean throwOnFileNotFound, AssemblyLoadContext assemblyLoadContext)
   at System.Reflection.Assembly.Load(String assemblyString)
   at NLog.Config.AssemblyExtensionLoader.LoadAssemblyFromName(String assemblyName)
   at NLog.Config.AssemblyExtensionLoader.LoadAssemblyFromName(ConfigurationItemFactory factory, String assemblyName, String itemNamePrefix)
   at NLog.Config.LoggingConfigurationParser.ParseExtensionWithAssemblyName(String assemblyName, String prefix)
   --- End of inner exception stack trace ---
2024-08-05 18:31:17.5590 Error Exception when loading configuration E:\REPS\WebAPI\WebAPI\bin\Debug\net6.0\NLog.config Exception: NLog.NLogConfigurationException: Error loading extensions: NLog.Extended
 ---> System.IO.FileNotFoundException: Could not load file or assembly 'NLog.Extended, Culture=neutral, PublicKeyToken=null'. The system cannot find the file specified.
File name: 'NLog.Extended, Culture=neutral, PublicKeyToken=null'
   at System.Reflection.RuntimeAssembly.InternalLoad(ObjectHandleOnStack assemblyName, ObjectHandleOnStack requestingAssembly, StackCrawlMarkHandle stackMark, Boolean throwOnFileNotFound, ObjectHandleOnStack assemblyLoadContext, ObjectHandleOnStack retAssembly)
   at System.Reflection.RuntimeAssembly.InternalLoad(AssemblyName assemblyName, RuntimeAssembly requestingAssembly, StackCrawlMark& stackMark, Boolean throwOnFileNotFound, AssemblyLoadContext assemblyLoadContext)
   at System.Reflection.Assembly.Load(String assemblyString)
   at NLog.Config.AssemblyExtensionLoader.LoadAssemblyFromName(String assemblyName)
   at NLog.Config.AssemblyExtensionLoader.LoadAssemblyFromName(ConfigurationItemFactory factory, String assemblyName, String itemNamePrefix)
   at NLog.Config.LoggingConfigurationParser.ParseExtensionWithAssemblyName(String assemblyName, String prefix)
   --- End of inner exception stack trace ---
   at NLog.Config.LoggingConfigurationParser.ParseExtensionWithAssemblyName(String assemblyName, String prefix)
   at NLog.Config.LoggingConfigurationParser.ParseExtensionsElement(ValidatedConfigurationElement extensionsElement, String baseDirectory)
   at NLog.Config.LoggingConfigurationParser.LoadConfig(ILoggingConfigurationElement nlogConfig, String basePath)
   at NLog.Config.XmlLoggingConfiguration.ParseNLogElement(ILoggingConfigurationElement nlogElement, String filePath, Boolean autoReloadDefault)
   at NLog.Config.XmlLoggingConfiguration.Initialize(XmlReader reader, String fileName, Boolean ignoreErrors)
2024-08-05 18:31:17.5590 Error Error has been raised. Exception: NLog.NLogConfigurationException: Exception when loading configuration E:\REPS\WebAPI\WebAPI\bin\Debug\net6.0\NLog.config
 ---> NLog.NLogConfigurationException: Error loading extensions: NLog.Extended
 ---> System.IO.FileNotFoundException: Could not load file or assembly 'NLog.Extended, Culture=neutral, PublicKeyToken=null'. The system cannot find the file specified.
File name: 'NLog.Extended, Culture=neutral, PublicKeyToken=null'
   at System.Reflection.RuntimeAssembly.InternalLoad(ObjectHandleOnStack assemblyName, ObjectHandleOnStack requestingAssembly, StackCrawlMarkHandle stackMark, Boolean throwOnFileNotFound, ObjectHandleOnStack assemblyLoadContext, ObjectHandleOnStack retAssembly)
   at System.Reflection.RuntimeAssembly.InternalLoad(AssemblyName assemblyName, RuntimeAssembly requestingAssembly, StackCrawlMark& stackMark, Boolean throwOnFileNotFound, AssemblyLoadContext assemblyLoadContext)
   at System.Reflection.Assembly.Load(String assemblyString)
   at NLog.Config.AssemblyExtensionLoader.LoadAssemblyFromName(String assemblyName)
   at NLog.Config.AssemblyExtensionLoader.LoadAssemblyFromName(ConfigurationItemFactory factory, String assemblyName, String itemNamePrefix)
   at NLog.Config.LoggingConfigurationParser.ParseExtensionWithAssemblyName(String assemblyName, String prefix)
   --- End of inner exception stack trace ---
   at NLog.Config.LoggingConfigurationParser.ParseExtensionWithAssemblyName(String assemblyName, String prefix)
   at NLog.Config.LoggingConfigurationParser.ParseExtensionsElement(ValidatedConfigurationElement extensionsElement, String baseDirectory)
   at NLog.Config.LoggingConfigurationParser.LoadConfig(ILoggingConfigurationElement nlogConfig, String basePath)
   at NLog.Config.XmlLoggingConfiguration.ParseNLogElement(ILoggingConfigurationElement nlogElement, String filePath, Boolean autoReloadDefault)
   at NLog.Config.XmlLoggingConfiguration.Initialize(XmlReader reader, String fileName, Boolean ignoreErrors)
   --- End of inner exception stack trace ---
   at NLog.Config.XmlLoggingConfiguration.Initialize(XmlReader reader, String fileName, Boolean ignoreErrors)
   at NLog.Config.LoggingConfigurationFileLoader.LoadXmlLoggingConfiguration(XmlReader xmlReader, String configFile, LogFactory logFactory)
2024-08-05 18:31:17.5590 Error Failed loading from config file location: E:\REPS\WebAPI\WebAPI\bin\Debug\net6.0\NLog.config Exception: NLog.NLogConfigurationException: Exception when loading configuration E:\REPS\WebAPI\WebAPI\bin\Debug\net6.0\NLog.config
 ---> NLog.NLogConfigurationException: Error loading extensions: NLog.Extended
 ---> System.IO.FileNotFoundException: Could not load file or assembly 'NLog.Extended, Culture=neutral, PublicKeyToken=null'. The system cannot find the file specified.
File name: 'NLog.Extended, Culture=neutral, PublicKeyToken=null'
   at System.Reflection.RuntimeAssembly.InternalLoad(ObjectHandleOnStack assemblyName, ObjectHandleOnStack requestingAssembly, StackCrawlMarkHandle stackMark, Boolean throwOnFileNotFound, ObjectHandleOnStack assemblyLoadContext, ObjectHandleOnStack retAssembly)
   at System.Reflection.RuntimeAssembly.InternalLoad(AssemblyName assemblyName, RuntimeAssembly requestingAssembly, StackCrawlMark& stackMark, Boolean throwOnFileNotFound, AssemblyLoadContext assemblyLoadContext)
   at System.Reflection.Assembly.Load(String assemblyString)
   at NLog.Config.AssemblyExtensionLoader.LoadAssemblyFromName(String assemblyName)
   at NLog.Config.AssemblyExtensionLoader.LoadAssemblyFromName(ConfigurationItemFactory factory, String assemblyName, String itemNamePrefix)
   at NLog.Config.LoggingConfigurationParser.ParseExtensionWithAssemblyName(String assemblyName, String prefix)
   --- End of inner exception stack trace ---
   at NLog.Config.LoggingConfigurationParser.ParseExtensionWithAssemblyName(String assemblyName, String prefix)
   at NLog.Config.LoggingConfigurationParser.ParseExtensionsElement(ValidatedConfigurationElement extensionsElement, String baseDirectory)
   at NLog.Config.LoggingConfigurationParser.LoadConfig(ILoggingConfigurationElement nlogConfig, String basePath)
   at NLog.Config.XmlLoggingConfiguration.ParseNLogElement(ILoggingConfigurationElement nlogElement, String filePath, Boolean autoReloadDefault)
   at NLog.Config.XmlLoggingConfiguration.Initialize(XmlReader reader, String fileName, Boolean ignoreErrors)
   --- End of inner exception stack trace ---
   at NLog.Config.XmlLoggingConfiguration.Initialize(XmlReader reader, String fileName, Boolean ignoreErrors)
   at NLog.Config.LoggingConfigurationFileLoader.LoadXmlLoggingConfiguration(XmlReader xmlReader, String configFile, LogFactory logFactory)
   at NLog.Config.LoggingConfigurationFileLoader.LoadXmlLoggingConfigurationFile(LogFactory logFactory, String configFile)
   at NLog.Config.LoggingConfigurationFileLoader.TryLoadLoggingConfiguration(LogFactory logFactory, String configFile, LoggingConfiguration& config)
2024-08-05 18:31:48.2305 Debug Message Template Auto Format enabled
2024-08-05 18:31:48.2465 Info Loading assembly name: NLog.Extended
2024-08-05 18:31:48.2465 Trace Try find 'NLog.Extended' in current domain
2024-08-05 18:31:48.2504 Trace Haven't found' 'NLog.Extended' in current domain
2024-08-05 18:31:48.2504 Error Error has been raised. Exception: NLog.NLogConfigurationException: Error loading extensions: NLog.Extended
 ---> System.IO.FileNotFoundException: Could not load file or assembly 'NLog.Extended, Culture=neutral, PublicKeyToken=null'. The system cannot find the file specified.
File name: 'NLog.Extended, Culture=neutral, PublicKeyToken=null'
   at System.Reflection.RuntimeAssembly.InternalLoad(ObjectHandleOnStack assemblyName, ObjectHandleOnStack requestingAssembly, StackCrawlMarkHandle stackMark, Boolean throwOnFileNotFound, ObjectHandleOnStack assemblyLoadContext, ObjectHandleOnStack retAssembly)
   at System.Reflection.RuntimeAssembly.InternalLoad(AssemblyName assemblyName, RuntimeAssembly requestingAssembly, StackCrawlMark& stackMark, Boolean throwOnFileNotFound, AssemblyLoadContext assemblyLoadContext)
   at System.Reflection.Assembly.Load(String assemblyString)
   at NLog.Config.AssemblyExtensionLoader.LoadAssemblyFromName(String assemblyName)
   at NLog.Config.AssemblyExtensionLoader.LoadAssemblyFromName(ConfigurationItemFactory factory, String assemblyName, String itemNamePrefix)
   at NLog.Config.LoggingConfigurationParser.ParseExtensionWithAssemblyName(String assemblyName, String prefix)
   --- End of inner exception stack trace ---
2024-08-05 18:31:48.2826 Error Exception when loading configuration E:\REPS\WebAPI\WebAPI\bin\Debug\net6.0\NLog.config Exception: NLog.NLogConfigurationException: Error loading extensions: NLog.Extended
 ---> System.IO.FileNotFoundException: Could not load file or assembly 'NLog.Extended, Culture=neutral, PublicKeyToken=null'. The system cannot find the file specified.
File name: 'NLog.Extended, Culture=neutral, PublicKeyToken=null'
   at System.Reflection.RuntimeAssembly.InternalLoad(ObjectHandleOnStack assemblyName, ObjectHandleOnStack requestingAssembly, StackCrawlMarkHandle stackMark, Boolean throwOnFileNotFound, ObjectHandleOnStack assemblyLoadContext, ObjectHandleOnStack retAssembly)
   at System.Reflection.RuntimeAssembly.InternalLoad(AssemblyName assemblyName, RuntimeAssembly requestingAssembly, StackCrawlMark& stackMark, Boolean throwOnFileNotFound, AssemblyLoadContext assemblyLoadContext)
   at System.Reflection.Assembly.Load(String assemblyString)
   at NLog.Config.AssemblyExtensionLoader.LoadAssemblyFromName(String assemblyName)
   at NLog.Config.AssemblyExtensionLoader.LoadAssemblyFromName(ConfigurationItemFactory factory, String assemblyName, String itemNamePrefix)
   at NLog.Config.LoggingConfigurationParser.ParseExtensionWithAssemblyName(String assemblyName, String prefix)
   --- End of inner exception stack trace ---
   at NLog.Config.LoggingConfigurationParser.ParseExtensionWithAssemblyName(String assemblyName, String prefix)
   at NLog.Config.LoggingConfigurationParser.ParseExtensionsElement(ValidatedConfigurationElement extensionsElement, String baseDirectory)
   at NLog.Config.LoggingConfigurationParser.LoadConfig(ILoggingConfigurationElement nlogConfig, String basePath)
   at NLog.Config.XmlLoggingConfiguration.ParseNLogElement(ILoggingConfigurationElement nlogElement, String filePath, Boolean autoReloadDefault)
   at NLog.Config.XmlLoggingConfiguration.Initialize(XmlReader reader, String fileName, Boolean ignoreErrors)
2024-08-05 18:31:48.2826 Error Error has been raised. Exception: NLog.NLogConfigurationException: Exception when loading configuration E:\REPS\WebAPI\WebAPI\bin\Debug\net6.0\NLog.config
 ---> NLog.NLogConfigurationException: Error loading extensions: NLog.Extended
 ---> System.IO.FileNotFoundException: Could not load file or assembly 'NLog.Extended, Culture=neutral, PublicKeyToken=null'. The system cannot find the file specified.
File name: 'NLog.Extended, Culture=neutral, PublicKeyToken=null'
   at System.Reflection.RuntimeAssembly.InternalLoad(ObjectHandleOnStack assemblyName, ObjectHandleOnStack requestingAssembly, StackCrawlMarkHandle stackMark, Boolean throwOnFileNotFound, ObjectHandleOnStack assemblyLoadContext, ObjectHandleOnStack retAssembly)
   at System.Reflection.RuntimeAssembly.InternalLoad(AssemblyName assemblyName, RuntimeAssembly requestingAssembly, StackCrawlMark& stackMark, Boolean throwOnFileNotFound, AssemblyLoadContext assemblyLoadContext)
   at System.Reflection.Assembly.Load(String assemblyString)
   at NLog.Config.AssemblyExtensionLoader.LoadAssemblyFromName(String assemblyName)
   at NLog.Config.AssemblyExtensionLoader.LoadAssemblyFromName(ConfigurationItemFactory factory, String assemblyName, String itemNamePrefix)
   at NLog.Config.LoggingConfigurationParser.ParseExtensionWithAssemblyName(String assemblyName, String prefix)
   --- End of inner exception stack trace ---
   at NLog.Config.LoggingConfigurationParser.ParseExtensionWithAssemblyName(String assemblyName, String prefix)
   at NLog.Config.LoggingConfigurationParser.ParseExtensionsElement(ValidatedConfigurationElement extensionsElement, String baseDirectory)
   at NLog.Config.LoggingConfigurationParser.LoadConfig(ILoggingConfigurationElement nlogConfig, String basePath)
   at NLog.Config.XmlLoggingConfiguration.ParseNLogElement(ILoggingConfigurationElement nlogElement, String filePath, Boolean autoReloadDefault)
   at NLog.Config.XmlLoggingConfiguration.Initialize(XmlReader reader, String fileName, Boolean ignoreErrors)
   --- End of inner exception stack trace ---
   at NLog.Config.XmlLoggingConfiguration.Initialize(XmlReader reader, String fileName, Boolean ignoreErrors)
   at NLog.Config.LoggingConfigurationFileLoader.LoadXmlLoggingConfiguration(XmlReader xmlReader, String configFile, LogFactory logFactory)
2024-08-05 18:31:48.2826 Error Failed loading from config file location: E:\REPS\WebAPI\WebAPI\bin\Debug\net6.0\NLog.config Exception: NLog.NLogConfigurationException: Exception when loading configuration E:\REPS\WebAPI\WebAPI\bin\Debug\net6.0\NLog.config
 ---> NLog.NLogConfigurationException: Error loading extensions: NLog.Extended
 ---> System.IO.FileNotFoundException: Could not load file or assembly 'NLog.Extended, Culture=neutral, PublicKeyToken=null'. The system cannot find the file specified.
File name: 'NLog.Extended, Culture=neutral, PublicKeyToken=null'
   at System.Reflection.RuntimeAssembly.InternalLoad(ObjectHandleOnStack assemblyName, ObjectHandleOnStack requestingAssembly, StackCrawlMarkHandle stackMark, Boolean throwOnFileNotFound, ObjectHandleOnStack assemblyLoadContext, ObjectHandleOnStack retAssembly)
   at System.Reflection.RuntimeAssembly.InternalLoad(AssemblyName assemblyName, RuntimeAssembly requestingAssembly, StackCrawlMark& stackMark, Boolean throwOnFileNotFound, AssemblyLoadContext assemblyLoadContext)
   at System.Reflection.Assembly.Load(String assemblyString)
   at NLog.Config.AssemblyExtensionLoader.LoadAssemblyFromName(String assemblyName)
   at NLog.Config.AssemblyExtensionLoader.LoadAssemblyFromName(ConfigurationItemFactory factory, String assemblyName, String itemNamePrefix)
   at NLog.Config.LoggingConfigurationParser.ParseExtensionWithAssemblyName(String assemblyName, String prefix)
   --- End of inner exception stack trace ---
   at NLog.Config.LoggingConfigurationParser.ParseExtensionWithAssemblyName(String assemblyName, String prefix)
   at NLog.Config.LoggingConfigurationParser.ParseExtensionsElement(ValidatedConfigurationElement extensionsElement, String baseDirectory)
   at NLog.Config.LoggingConfigurationParser.LoadConfig(ILoggingConfigurationElement nlogConfig, String basePath)
   at NLog.Config.XmlLoggingConfiguration.ParseNLogElement(ILoggingConfigurationElement nlogElement, String filePath, Boolean autoReloadDefault)
   at NLog.Config.XmlLoggingConfiguration.Initialize(XmlReader reader, String fileName, Boolean ignoreErrors)
   --- End of inner exception stack trace ---
   at NLog.Config.XmlLoggingConfiguration.Initialize(XmlReader reader, String fileName, Boolean ignoreErrors)
   at NLog.Config.LoggingConfigurationFileLoader.LoadXmlLoggingConfiguration(XmlReader xmlReader, String configFile, LogFactory logFactory)
   at NLog.Config.LoggingConfigurationFileLoader.LoadXmlLoggingConfigurationFile(LogFactory logFactory, String configFile)
   at NLog.Config.LoggingConfigurationFileLoader.TryLoadLoggingConfiguration(LogFactory logFactory, String configFile, LoggingConfiguration& config)
2024-08-05 18:32:27.9577 Debug Message Template Auto Format enabled
2024-08-05 18:32:27.9577 Info Loading assembly name: NLog.Extended
2024-08-05 18:32:27.9690 Trace Try find 'NLog.Extended' in current domain
2024-08-05 18:32:27.9690 Trace Haven't found' 'NLog.Extended' in current domain
2024-08-05 18:32:27.9690 Error Error has been raised. Exception: NLog.NLogConfigurationException: Error loading extensions: NLog.Extended
 ---> System.IO.FileNotFoundException: Could not load file or assembly 'NLog.Extended, Culture=neutral, PublicKeyToken=null'. The system cannot find the file specified.
File name: 'NLog.Extended, Culture=neutral, PublicKeyToken=null'
   at System.Reflection.RuntimeAssembly.InternalLoad(ObjectHandleOnStack assemblyName, ObjectHandleOnStack requestingAssembly, StackCrawlMarkHandle stackMark, Boolean throwOnFileNotFound, ObjectHandleOnStack assemblyLoadContext, ObjectHandleOnStack retAssembly)
   at System.Reflection.RuntimeAssembly.InternalLoad(AssemblyName assemblyName, RuntimeAssembly requestingAssembly, StackCrawlMark& stackMark, Boolean throwOnFileNotFound, AssemblyLoadContext assemblyLoadContext)
   at System.Reflection.Assembly.Load(String assemblyString)
   at NLog.Config.AssemblyExtensionLoader.LoadAssemblyFromName(String assemblyName)
   at NLog.Config.AssemblyExtensionLoader.LoadAssemblyFromName(ConfigurationItemFactory factory, String assemblyName, String itemNamePrefix)
   at NLog.Config.LoggingConfigurationParser.ParseExtensionWithAssemblyName(String assemblyName, String prefix)
   --- End of inner exception stack trace ---
2024-08-05 18:32:28.0137 Error Exception when loading configuration E:\REPS\WebAPI\WebAPI\bin\Debug\net6.0\NLog.config Exception: NLog.NLogConfigurationException: Error loading extensions: NLog.Extended
 ---> System.IO.FileNotFoundException: Could not load file or assembly 'NLog.Extended, Culture=neutral, PublicKeyToken=null'. The system cannot find the file specified.
File name: 'NLog.Extended, Culture=neutral, PublicKeyToken=null'
   at System.Reflection.RuntimeAssembly.InternalLoad(ObjectHandleOnStack assemblyName, ObjectHandleOnStack requestingAssembly, StackCrawlMarkHandle stackMark, Boolean throwOnFileNotFound, ObjectHandleOnStack assemblyLoadContext, ObjectHandleOnStack retAssembly)
   at System.Reflection.RuntimeAssembly.InternalLoad(AssemblyName assemblyName, RuntimeAssembly requestingAssembly, StackCrawlMark& stackMark, Boolean throwOnFileNotFound, AssemblyLoadContext assemblyLoadContext)
   at System.Reflection.Assembly.Load(String assemblyString)
   at NLog.Config.AssemblyExtensionLoader.LoadAssemblyFromName(String assemblyName)
   at NLog.Config.AssemblyExtensionLoader.LoadAssemblyFromName(ConfigurationItemFactory factory, String assemblyName, String itemNamePrefix)
   at NLog.Config.LoggingConfigurationParser.ParseExtensionWithAssemblyName(String assemblyName, String prefix)
   --- End of inner exception stack trace ---
   at NLog.Config.LoggingConfigurationParser.ParseExtensionWithAssemblyName(String assemblyName, String prefix)
   at NLog.Config.LoggingConfigurationParser.ParseExtensionsElement(ValidatedConfigurationElement extensionsElement, String baseDirectory)
   at NLog.Config.LoggingConfigurationParser.LoadConfig(ILoggingConfigurationElement nlogConfig, String basePath)
   at NLog.Config.XmlLoggingConfiguration.ParseNLogElement(ILoggingConfigurationElement nlogElement, String filePath, Boolean autoReloadDefault)
   at NLog.Config.XmlLoggingConfiguration.Initialize(XmlReader reader, String fileName, Boolean ignoreErrors)
2024-08-05 18:32:28.0151 Error Error has been raised. Exception: NLog.NLogConfigurationException: Exception when loading configuration E:\REPS\WebAPI\WebAPI\bin\Debug\net6.0\NLog.config
 ---> NLog.NLogConfigurationException: Error loading extensions: NLog.Extended
 ---> System.IO.FileNotFoundException: Could not load file or assembly 'NLog.Extended, Culture=neutral, PublicKeyToken=null'. The system cannot find the file specified.
File name: 'NLog.Extended, Culture=neutral, PublicKeyToken=null'
   at System.Reflection.RuntimeAssembly.InternalLoad(ObjectHandleOnStack assemblyName, ObjectHandleOnStack requestingAssembly, StackCrawlMarkHandle stackMark, Boolean throwOnFileNotFound, ObjectHandleOnStack assemblyLoadContext, ObjectHandleOnStack retAssembly)
   at System.Reflection.RuntimeAssembly.InternalLoad(AssemblyName assemblyName, RuntimeAssembly requestingAssembly, StackCrawlMark& stackMark, Boolean throwOnFileNotFound, AssemblyLoadContext assemblyLoadContext)
   at System.Reflection.Assembly.Load(String assemblyString)
   at NLog.Config.AssemblyExtensionLoader.LoadAssemblyFromName(String assemblyName)
   at NLog.Config.AssemblyExtensionLoader.LoadAssemblyFromName(ConfigurationItemFactory factory, String assemblyName, String itemNamePrefix)
   at NLog.Config.LoggingConfigurationParser.ParseExtensionWithAssemblyName(String assemblyName, String prefix)
   --- End of inner exception stack trace ---
   at NLog.Config.LoggingConfigurationParser.ParseExtensionWithAssemblyName(String assemblyName, String prefix)
   at NLog.Config.LoggingConfigurationParser.ParseExtensionsElement(ValidatedConfigurationElement extensionsElement, String baseDirectory)
   at NLog.Config.LoggingConfigurationParser.LoadConfig(ILoggingConfigurationElement nlogConfig, String basePath)
   at NLog.Config.XmlLoggingConfiguration.ParseNLogElement(ILoggingConfigurationElement nlogElement, String filePath, Boolean autoReloadDefault)
   at NLog.Config.XmlLoggingConfiguration.Initialize(XmlReader reader, String fileName, Boolean ignoreErrors)
   --- End of inner exception stack trace ---
   at NLog.Config.XmlLoggingConfiguration.Initialize(XmlReader reader, String fileName, Boolean ignoreErrors)
   at NLog.Config.LoggingConfigurationFileLoader.LoadXmlLoggingConfiguration(XmlReader xmlReader, String configFile, LogFactory logFactory)
2024-08-05 18:32:28.0151 Error Failed loading from config file location: E:\REPS\WebAPI\WebAPI\bin\Debug\net6.0\NLog.config Exception: NLog.NLogConfigurationException: Exception when loading configuration E:\REPS\WebAPI\WebAPI\bin\Debug\net6.0\NLog.config
 ---> NLog.NLogConfigurationException: Error loading extensions: NLog.Extended
 ---> System.IO.FileNotFoundException: Could not load file or assembly 'NLog.Extended, Culture=neutral, PublicKeyToken=null'. The system cannot find the file specified.
File name: 'NLog.Extended, Culture=neutral, PublicKeyToken=null'
   at System.Reflection.RuntimeAssembly.InternalLoad(ObjectHandleOnStack assemblyName, ObjectHandleOnStack requestingAssembly, StackCrawlMarkHandle stackMark, Boolean throwOnFileNotFound, ObjectHandleOnStack assemblyLoadContext, ObjectHandleOnStack retAssembly)
   at System.Reflection.RuntimeAssembly.InternalLoad(AssemblyName assemblyName, RuntimeAssembly requestingAssembly, StackCrawlMark& stackMark, Boolean throwOnFileNotFound, AssemblyLoadContext assemblyLoadContext)
   at System.Reflection.Assembly.Load(String assemblyString)
   at NLog.Config.AssemblyExtensionLoader.LoadAssemblyFromName(String assemblyName)
   at NLog.Config.AssemblyExtensionLoader.LoadAssemblyFromName(ConfigurationItemFactory factory, String assemblyName, String itemNamePrefix)
   at NLog.Config.LoggingConfigurationParser.ParseExtensionWithAssemblyName(String assemblyName, String prefix)
   --- End of inner exception stack trace ---
   at NLog.Config.LoggingConfigurationParser.ParseExtensionWithAssemblyName(String assemblyName, String prefix)
   at NLog.Config.LoggingConfigurationParser.ParseExtensionsElement(ValidatedConfigurationElement extensionsElement, String baseDirectory)
   at NLog.Config.LoggingConfigurationParser.LoadConfig(ILoggingConfigurationElement nlogConfig, String basePath)
   at NLog.Config.XmlLoggingConfiguration.ParseNLogElement(ILoggingConfigurationElement nlogElement, String filePath, Boolean autoReloadDefault)
   at NLog.Config.XmlLoggingConfiguration.Initialize(XmlReader reader, String fileName, Boolean ignoreErrors)
   --- End of inner exception stack trace ---
   at NLog.Config.XmlLoggingConfiguration.Initialize(XmlReader reader, String fileName, Boolean ignoreErrors)
   at NLog.Config.LoggingConfigurationFileLoader.LoadXmlLoggingConfiguration(XmlReader xmlReader, String configFile, LogFactory logFactory)
   at NLog.Config.LoggingConfigurationFileLoader.LoadXmlLoggingConfigurationFile(LogFactory logFactory, String configFile)
   at NLog.Config.LoggingConfigurationFileLoader.TryLoadLoggingConfiguration(LogFactory logFactory, String configFile, LoggingConfiguration& config)
